Vivado Simulator v2023.2
Copyright 1986-2022 Xilinx, Inc. All Rights Reserved.
Copyright 2022-2023 Advanced Micro Devices, Inc. All Rights Reserved.
Running: C:/Xilinx/Vivado/2023.2/bin/unwrapped/win64.o/xelab.exe --incr --debug typical --relax --mt 2 -L xil_defaultlib -L unisims_ver -L unimacro_ver -L secureip --snapshot cpu_TB_behav xil_defaultlib.cpu_TB xil_defaultlib.glbl -log elaborate.log 
Using 2 slave threads.
Starting static elaboration
Pass Through NonSizing Optimizer
WARNING: [VRFC 10-3091] actual bit length 16 differs from formal bit length 1 for port 'Cin' [C:/Users/jungu/Desktop/AiSys/AiSys_cpu/cpu/Assign 7.srcs/sources_1/imports/Lab06_verilog_files/datapath.v:179]
WARNING: [VRFC 10-3091] actual bit length 16 differs from formal bit length 1 for port 'Cin' [C:/Users/jungu/Desktop/AiSys/AiSys_cpu/cpu/Assign 7.srcs/sources_1/imports/Lab06_verilog_files/datapath.v:188]
Completed static elaboration
Starting simulation data flow analysis
WARNING: [XSIM 43-4099] "C:/Users/jungu/Desktop/AiSys/AiSys_cpu/cpu/Assign 7.srcs/sources_1/imports/Lab06_verilog_files/ALU.v" Line 3. Module ALU doesn't have a timescale but at least one module in design has a timescale.
WARNING: [XSIM 43-4099] "C:/Users/jungu/Desktop/AiSys/AiSys_cpu/cpu/Assign 7.srcs/sources_1/imports/Lab06_verilog_files/ALU.v" Line 3. Module ALU doesn't have a timescale but at least one module in design has a timescale.
WARNING: [XSIM 43-4099] "C:/Users/jungu/Desktop/AiSys/AiSys_cpu/cpu/Assign 7.srcs/sources_1/imports/Lab06_verilog_files/ALU.v" Line 3. Module ALU doesn't have a timescale but at least one module in design has a timescale.
WARNING: [XSIM 43-4099] "C:/Users/jungu/Desktop/AiSys/AiSys_cpu/cpu/Assign 7.srcs/sources_1/imports/Lab06_verilog_files/ALU.v" Line 3. Module ALU doesn't have a timescale but at least one module in design has a timescale.
Completed simulation data flow analysis
Time Resolution for simulation is 1ps
Compiling module xil_defaultlib.control_unit
Compiling module xil_defaultlib.ALU
Compiling module xil_defaultlib.RF
Compiling module xil_defaultlib.datapath
Compiling module xil_defaultlib.datastall_unit
Compiling module xil_defaultlib.cache
Compiling module xil_defaultlib.cpu
Compiling module xil_defaultlib.Memory
Compiling module xil_defaultlib.cpu_TB
Compiling module xil_defaultlib.glbl
Built simulation snapshot cpu_TB_behav
