#-----------------------------------------------------------
# Vivado v2023.2 (64-bit)
# SW Build 4029153 on Fri Oct 13 20:14:34 MDT 2023
# IP Build 4028589 on Sat Oct 14 00:45:43 MDT 2023
# SharedData Build 4025554 on Tue Oct 10 17:18:54 MDT 2023
# Start of session at: Wed Jun 25 19:54:27 2025
# Process ID: 33380
# Current directory: C:/Users/jungu/Desktop/AiSys/AiSys_cpu/cpu
# Command line: vivado.exe -gui_launcher_event rodinguilauncherevent33524 C:\Users\jungu\Desktop\AiSys\AiSys_cpu\cpu\Assign 7.xpr
# Log file: C:/Users/jungu/Desktop/AiSys/AiSys_cpu/cpu/vivado.log
# Journal file: C:/Users/jungu/Desktop/AiSys/AiSys_cpu/cpu\vivado.jou
# Running On: BOOK-ELUD8M5EVV, OS: Windows, CPU Frequency: 2496 MHz, CPU Physical cores: 12, Host memory: 33968 MB
#-----------------------------------------------------------
start_gui
open_project {C:/Users/jungu/Desktop/AiSys/AiSys_cpu/cpu/Assign 7.xpr}
WARNING: [Board 49-26] cannot add Board Part digilentinc.com:genesys2:part0:1.1 available at C:/Xilinx/Vivado/2023.2/data/boards/board_files/genesys2/H/board.xml as part xc7k325tffg900-2 specified in board_part file is either invalid or not available
WARNING: [Board 49-26] cannot add Board Part digilentinc.com:sword:part0:1.0 available at C:/Xilinx/Vivado/2023.2/data/boards/board_files/sword/C.0/board.xml as part xc7k325tffg900-2 specified in board_part file is either invalid or not available
WARNING: [Board 49-26] cannot add Board Part xilinx.com:kc705:part0:1.6 available at C:/Xilinx/Vivado/2023.2/data/xhub/boards/XilinxBoardStore/boards/Xilinx/kc705/1.6/board.xml as part xc7k325tffg900-2 specified in board_part file is either invalid or not available
WARNING: [Board 49-26] cannot add Board Part xilinx.com:kcu105:part0:1.6 available at C:/Xilinx/Vivado/2023.2/data/xhub/boards/XilinxBoardStore/boards/Xilinx/kcu105/1.6/board.xml as part xcku040-ffva1156-2-e specified in board_part file is either invalid or not available
WARNING: [Board 49-26] cannot add Board Part xilinx.com:kcu105:part0:1.7 available at C:/Xilinx/Vivado/2023.2/data/xhub/boards/XilinxBoardStore/boards/Xilinx/kcu105/1.7/board.xml as part xcku040-ffva1156-2-e specified in board_part file is either invalid or not available
WARNING: [Board 49-26] cannot add Board Part xilinx.com:kcu1500:part0:1.2 available at C:/Xilinx/Vivado/2023.2/data/xhub/boards/XilinxBoardStore/boards/Xilinx/kcu1500/1.2/board.xml as part xcku115-flvb2104-2-e specified in board_part file is either invalid or not available
WARNING: [Board 49-26] cannot add Board Part xilinx.com:vc707:part0:1.4 available at C:/Xilinx/Vivado/2023.2/data/xhub/boards/XilinxBoardStore/boards/Xilinx/vc707/1.4/board.xml as part xc7vx485tffg1761-2 specified in board_part file is either invalid or not available
WARNING: [Board 49-26] cannot add Board Part xilinx.com:vc709:part0:1.8 available at C:/Xilinx/Vivado/2023.2/data/xhub/boards/XilinxBoardStore/boards/Xilinx/vc709/1.8/board.xml as part xc7vx690tffg1761-2 specified in board_part file is either invalid or not available
WARNING: [Board 49-26] cannot add Board Part xilinx.com:vck190:part0:2.2 available at C:/Xilinx/Vivado/2023.2/data/xhub/boards/XilinxBoardStore/boards/Xilinx/vck190/production/2.2/board.xml as part xcvc1902-vsva2197-2mp-e-s specified in board_part file is either invalid or not available
WARNING: [Board 49-26] cannot add Board Part xilinx.com:vck190:part0:3.0 available at C:/Xilinx/Vivado/2023.2/data/xhub/boards/XilinxBoardStore/boards/Xilinx/vck190/production/3.0/board.xml as part xcvc1902-vsva2197-2mp-e-s specified in board_part file is either invalid or not available
WARNING: [Board 49-26] cannot add Board Part xilinx.com:vck190:part0:3.1 available at C:/Xilinx/Vivado/2023.2/data/xhub/boards/XilinxBoardStore/boards/Xilinx/vck190/production/3.1/board.xml as part xcvc1902-vsva2197-2mp-e-s specified in board_part file is either invalid or not available
WARNING: [Board 49-26] cannot add Board Part xilinx.com:vck190:part0:3.2 available at C:/Xilinx/Vivado/2023.2/data/xhub/boards/XilinxBoardStore/boards/Xilinx/vck190/production/3.2/board.xml as part xcvc1902-vsva2197-2mp-e-s specified in board_part file is either invalid or not available
WARNING: [Board 49-26] cannot add Board Part xilinx.com:vck190_newl:part0:1.0 available at C:/Xilinx/Vivado/2023.2/data/xhub/boards/XilinxBoardStore/boards/Xilinx/vck190_newl/production/1.0/board.xml as part xcvc1902-vsva2197-2mp-e-s specified in board_part file is either invalid or not available
WARNING: [Board 49-26] cannot add Board Part xilinx.com:vck190_newl:part0:1.1 available at C:/Xilinx/Vivado/2023.2/data/xhub/boards/XilinxBoardStore/boards/Xilinx/vck190_newl/production/1.1/board.xml as part xcvc1902-vsva2197-2mp-e-s specified in board_part file is either invalid or not available
WARNING: [Board 49-26] cannot add Board Part xilinx.com:vcu108:part0:1.6 available at C:/Xilinx/Vivado/2023.2/data/xhub/boards/XilinxBoardStore/boards/Xilinx/vcu108/1.6/board.xml as part xcvu095-ffva2104-2-e specified in board_part file is either invalid or not available
WARNING: [Board 49-26] cannot add Board Part xilinx.com:vcu108:part0:1.7 available at C:/Xilinx/Vivado/2023.2/data/xhub/boards/XilinxBoardStore/boards/Xilinx/vcu108/1.7/board.xml as part xcvu095-ffva2104-2-e specified in board_part file is either invalid or not available
WARNING: [Board 49-26] cannot add Board Part xilinx.com:vcu110:part0:1.4 available at C:/Xilinx/Vivado/2023.2/data/xhub/boards/XilinxBoardStore/boards/Xilinx/vcu110/1.4/board.xml as part xcvu190-flgc2104-2-e specified in board_part file is either invalid or not available
WARNING: [Board 49-26] cannot add Board Part xilinx.com:vcu118:part0:2.0 available at C:/Xilinx/Vivado/2023.2/data/xhub/boards/XilinxBoardStore/boards/Xilinx/vcu118/2.0/board.xml as part xcvu9p-flga2104-2l-e specified in board_part file is either invalid or not available
WARNING: [Board 49-26] cannot add Board Part xilinx.com:vcu118:part0:2.3 available at C:/Xilinx/Vivado/2023.2/data/xhub/boards/XilinxBoardStore/boards/Xilinx/vcu118/2.3/board.xml as part xcvu9p-flga2104-2l-e specified in board_part file is either invalid or not available
WARNING: [Board 49-26] cannot add Board Part xilinx.com:vcu118:part0:2.4 available at C:/Xilinx/Vivado/2023.2/data/xhub/boards/XilinxBoardStore/boards/Xilinx/vcu118/2.4/board.xml as part xcvu9p-flga2104-2l-e specified in board_part file is either invalid or not available
WARNING: [Board 49-26] cannot add Board Part xilinx.com:vcu129:part0:1.0 available at C:/Xilinx/Vivado/2023.2/data/xhub/boards/XilinxBoardStore/boards/Xilinx/vcu129/production/1.0/board.xml as part xcvu29p-fsga2577-2l-e specified in board_part file is either invalid or not available
WARNING: [Board 49-26] cannot add Board Part xilinx.com:vcu1525:part0:1.3 available at C:/Xilinx/Vivado/2023.2/data/xhub/boards/XilinxBoardStore/boards/Xilinx/vcu1525/1.3/board.xml as part xcvu9p-fsgd2104-2l-e specified in board_part file is either invalid or not available
WARNING: [Board 49-26] cannot add Board Part xilinx.com:vek280:part0:1.0 available at C:/Xilinx/Vivado/2023.2/data/xhub/boards/XilinxBoardStore/boards/Xilinx/vek280/production/1.0/board.xml as part xcve2802-vsvh1760-2mp-e-s specified in board_part file is either invalid or not available
WARNING: [Board 49-26] cannot add Board Part xilinx.com:vek280_es:part0:1.0 available at C:/Xilinx/Vivado/2023.2/data/xhub/boards/XilinxBoardStore/boards/Xilinx/vek280/es/rev_a/1.0/board.xml as part xcve2802-vsvh1760-2lp-e-s-es1 specified in board_part file is either invalid or not available
WARNING: [Board 49-26] cannot add Board Part xilinx.com:vek280_es:part0:1.1 available at C:/Xilinx/Vivado/2023.2/data/xhub/boards/XilinxBoardStore/boards/Xilinx/vek280/es/rev_a/1.1/board.xml as part xcve2802-vsvh1760-2lp-e-s-es1 specified in board_part file is either invalid or not available
WARNING: [Board 49-26] cannot add Board Part xilinx.com:vek280_es_revb:part0:1.0 available at C:/Xilinx/Vivado/2023.2/data/xhub/boards/XilinxBoardStore/boards/Xilinx/vek280/es/rev_b/1.0/board.xml as part xcve2802-vsvh1760-2mp-e-s-es1 specified in board_part file is either invalid or not available
WARNING: [Board 49-26] cannot add Board Part xilinx.com:vek280_es_revb:part0:1.1 available at C:/Xilinx/Vivado/2023.2/data/xhub/boards/XilinxBoardStore/boards/Xilinx/vek280/es/rev_b/1.1/board.xml as part xcve2802-vsvh1760-2mp-e-s-es1 specified in board_part file is either invalid or not available
WARNING: [Board 49-26] cannot add Board Part xilinx.com:vermeo_t1_mpsoc:part0:1.0 available at C:/Xilinx/Vivado/2023.2/data/xhub/boards/XilinxBoardStore/boards/Xilinx/vermeo_t1_mpsoc/1.0/board.xml as part xczu19eg-ffvd1760-2l-e specified in board_part file is either invalid or not available
WARNING: [Board 49-26] cannot add Board Part xilinx.com:vermeo_t1_rfsoc:part0:1.0 available at C:/Xilinx/Vivado/2023.2/data/xhub/boards/XilinxBoardStore/boards/Xilinx/vermeo_t1_rfsoc/1.0/board.xml as part xczu21dr-ffvd1156-2l-e specified in board_part file is either invalid or not available
WARNING: [Board 49-26] cannot add Board Part xilinx.com:vhk158:part0:1.0 available at C:/Xilinx/Vivado/2023.2/data/xhub/boards/XilinxBoardStore/boards/Xilinx/vhk158/production/1.0/board.xml as part xcvh1582-vsva3697-2mp-e-s specified in board_part file is either invalid or not available
WARNING: [Board 49-26] cannot add Board Part xilinx.com:vhk158:part0:1.1 available at C:/Xilinx/Vivado/2023.2/data/xhub/boards/XilinxBoardStore/boards/Xilinx/vhk158/production/1.1/board.xml as part xcvh1582-vsva3697-2mp-e-s specified in board_part file is either invalid or not available
WARNING: [Board 49-26] cannot add Board Part xilinx.com:vhk158_es:part0:1.0 available at C:/Xilinx/Vivado/2023.2/data/xhub/boards/XilinxBoardStore/boards/Xilinx/vhk158/es/1.0/board.xml as part xcvh1582-vsva3697-2mp-e-s-es1 specified in board_part file is either invalid or not available
WARNING: [Board 49-26] cannot add Board Part xilinx.com:vhk158_es:part0:1.1 available at C:/Xilinx/Vivado/2023.2/data/xhub/boards/XilinxBoardStore/boards/Xilinx/vhk158/es/1.1/board.xml as part xcvh1582-vsva3697-2mp-e-s-es1 specified in board_part file is either invalid or not available
WARNING: [Board 49-26] cannot add Board Part xilinx.com:vmk180:part0:2.2 available at C:/Xilinx/Vivado/2023.2/data/xhub/boards/XilinxBoardStore/boards/Xilinx/vmk180/production/2.2/board.xml as part xcvm1802-vsva2197-2mp-e-s specified in board_part file is either invalid or not available
WARNING: [Board 49-26] cannot add Board Part xilinx.com:vmk180:part0:3.0 available at C:/Xilinx/Vivado/2023.2/data/xhub/boards/XilinxBoardStore/boards/Xilinx/vmk180/production/3.0/board.xml as part xcvm1802-vsva2197-2mp-e-s specified in board_part file is either invalid or not available
WARNING: [Board 49-26] cannot add Board Part xilinx.com:vmk180:part0:3.1 available at C:/Xilinx/Vivado/2023.2/data/xhub/boards/XilinxBoardStore/boards/Xilinx/vmk180/production/3.1/board.xml as part xcvm1802-vsva2197-2mp-e-s specified in board_part file is either invalid or not available
WARNING: [Board 49-26] cannot add Board Part xilinx.com:vmk180:part0:3.2 available at C:/Xilinx/Vivado/2023.2/data/xhub/boards/XilinxBoardStore/boards/Xilinx/vmk180/production/3.2/board.xml as part xcvm1802-vsva2197-2mp-e-s specified in board_part file is either invalid or not available
WARNING: [Board 49-26] cannot add Board Part xilinx.com:vmk180_newl:part0:1.0 available at C:/Xilinx/Vivado/2023.2/data/xhub/boards/XilinxBoardStore/boards/Xilinx/vmk180_newl/production/1.0/board.xml as part xcvm1802-vsva2197-2mp-e-s specified in board_part file is either invalid or not available
WARNING: [Board 49-26] cannot add Board Part xilinx.com:vmk180_newl:part0:1.1 available at C:/Xilinx/Vivado/2023.2/data/xhub/boards/XilinxBoardStore/boards/Xilinx/vmk180_newl/production/1.1/board.xml as part xcvm1802-vsva2197-2mp-e-s specified in board_part file is either invalid or not available
WARNING: [Board 49-26] cannot add Board Part xilinx.com:vpk120:part0:1.0 available at C:/Xilinx/Vivado/2023.2/data/xhub/boards/XilinxBoardStore/boards/Xilinx/vpk120/production/1.0/board.xml as part xcvp1202-vsva2785-2mp-e-s specified in board_part file is either invalid or not available
WARNING: [Board 49-26] cannot add Board Part xilinx.com:vpk120:part0:1.1 available at C:/Xilinx/Vivado/2023.2/data/xhub/boards/XilinxBoardStore/boards/Xilinx/vpk120/production/1.1/board.xml as part xcvp1202-vsva2785-2mp-e-s specified in board_part file is either invalid or not available
WARNING: [Board 49-26] cannot add Board Part xilinx.com:vpk120:part0:1.2 available at C:/Xilinx/Vivado/2023.2/data/xhub/boards/XilinxBoardStore/boards/Xilinx/vpk120/production/1.2/board.xml as part xcvp1202-vsva2785-2mp-e-s specified in board_part file is either invalid or not available
WARNING: [Board 49-26] cannot add Board Part xilinx.com:vpk180:part0:1.0 available at C:/Xilinx/Vivado/2023.2/data/xhub/boards/XilinxBoardStore/boards/Xilinx/vpk180/production/1.0/board.xml as part xcvp1802-lsvc4072-2mp-e-s specified in board_part file is either invalid or not available
WARNING: [Board 49-26] cannot add Board Part xilinx.com:vpk180:part0:1.1 available at C:/Xilinx/Vivado/2023.2/data/xhub/boards/XilinxBoardStore/boards/Xilinx/vpk180/production/1.1/board.xml as part xcvp1802-lsvc4072-2mp-e-s specified in board_part file is either invalid or not available
WARNING: [Board 49-26] cannot add Board Part xilinx.com:zc706:part0:1.4 available at C:/Xilinx/Vivado/2023.2/data/xhub/boards/XilinxBoardStore/boards/Xilinx/zc706/1.4/board.xml as part xc7z045ffg900-2 specified in board_part file is either invalid or not available
WARNING: [Board 49-26] cannot add Board Part xilinx.com:zcu102:part0:3.3 available at C:/Xilinx/Vivado/2023.2/data/xhub/boards/XilinxBoardStore/boards/Xilinx/zcu102/3.3/board.xml as part xczu9eg-ffvb1156-2-e specified in board_part file is either invalid or not available
WARNING: [Board 49-26] cannot add Board Part xilinx.com:zcu102:part0:3.4 available at C:/Xilinx/Vivado/2023.2/data/xhub/boards/XilinxBoardStore/boards/Xilinx/zcu102/3.4/board.xml as part xczu9eg-ffvb1156-2-e specified in board_part file is either invalid or not available
WARNING: [Board 49-26] cannot add Board Part xilinx.com:zcu111:part0:1.2 available at C:/Xilinx/Vivado/2023.2/data/xhub/boards/XilinxBoardStore/boards/Xilinx/zcu111/1.2/board.xml as part xczu28dr-ffvg1517-2-e specified in board_part file is either invalid or not available
WARNING: [Board 49-26] cannot add Board Part xilinx.com:zcu111:part0:1.3 available at C:/Xilinx/Vivado/2023.2/data/xhub/boards/XilinxBoardStore/boards/Xilinx/zcu111/1.3/board.xml as part xczu28dr-ffvg1517-2-e specified in board_part file is either invalid or not available
WARNING: [Board 49-26] cannot add Board Part xilinx.com:zcu111:part0:1.4 available at C:/Xilinx/Vivado/2023.2/data/xhub/boards/XilinxBoardStore/boards/Xilinx/zcu111/1.4/board.xml as part xczu28dr-ffvg1517-2-e specified in board_part file is either invalid or not available
WARNING: [Board 49-26] cannot add Board Part xilinx.com:zcu1275:part0:1.0 available at C:/Xilinx/Vivado/2023.2/data/xhub/boards/XilinxBoardStore/boards/Xilinx/zcu1275/1.0/board.xml as part xczu29dr-ffvf1760-2-e specified in board_part file is either invalid or not available
WARNING: [Board 49-26] cannot add Board Part xilinx.com:zcu1285:part0:1.0 available at C:/Xilinx/Vivado/2023.2/data/xhub/boards/XilinxBoardStore/boards/Xilinx/zcu1285/1.0/board.xml as part xczu39dr-ffvf1760-2-i specified in board_part file is either invalid or not available
WARNING: [Board 49-26] cannot add Board Part xilinx.com:zcu208:part0:2.0 available at C:/Xilinx/Vivado/2023.2/data/xhub/boards/XilinxBoardStore/boards/Xilinx/zcu208/production/2.0/board.xml as part xczu48dr-fsvg1517-2-e specified in board_part file is either invalid or not available
WARNING: [Board 49-26] cannot add Board Part xilinx.com:zcu208ld:part0:2.0 available at C:/Xilinx/Vivado/2023.2/data/xhub/boards/XilinxBoardStore/boards/Xilinx/zcu208ld/production/2.0/board.xml as part xczu58dr-fsvg1517-2-i specified in board_part file is either invalid or not available
WARNING: [Board 49-26] cannot add Board Part xilinx.com:zcu216:part0:2.0 available at C:/Xilinx/Vivado/2023.2/data/xhub/boards/XilinxBoardStore/boards/Xilinx/zcu216/production/2.0/board.xml as part xczu49dr-ffvf1760-2-e specified in board_part file is either invalid or not available
WARNING: [Board 49-26] cannot add Board Part xilinx.com:zcu216ld:part0:2.0 available at C:/Xilinx/Vivado/2023.2/data/xhub/boards/XilinxBoardStore/boards/Xilinx/zcu216ld/production/2.0/board.xml as part xczu59dr-ffvf1760-2-i specified in board_part file is either invalid or not available
WARNING: [Board 49-26] cannot add Board Part xilinx.com:zcu670:part0:2.0 available at C:/Xilinx/Vivado/2023.2/data/xhub/boards/XilinxBoardStore/boards/Xilinx/zcu670/2.0/board.xml as part xczu67dr-fsve1156-2-i specified in board_part file is either invalid or not available
WARNING: [Board 49-26] cannot add Board Part xilinx.com:zcu670ld:part0:1.0 available at C:/Xilinx/Vivado/2023.2/data/xhub/boards/XilinxBoardStore/boards/Xilinx/zcu670ld/1.0/board.xml as part xczu57dr-fsve1156-2-i specified in board_part file is either invalid or not available
Scanning sources...
Finished scanning sources
WARNING: [Board 49-151] The current board 'digilentinc.com::arty-a7-100:1.1' is from a local repo. The vivado install has a corresponding board with version greater than or equal to the local repo board. Please use boards from vivado install to avoid any upgrade/migrate issues
INFO: [IP_Flow 19-234] Refreshing IP repositories
INFO: [IP_Flow 19-1704] No user IP repositories specified
INFO: [IP_Flow 19-2313] Loaded Vivado IP repository 'C:/Xilinx/Vivado/2023.2/data/ip'.
open_project: Time (s): cpu = 00:00:34 ; elapsed = 00:00:16 . Memory (MB): peak = 1580.211 ; gain = 489.742
update_compile_order -fileset sources_1
update_compile_order -fileset sources_1
launch_simulation
Command: launch_simulation 
INFO: [Vivado 12-12493] Simulation top is 'cpu_TB'
WARNING: [Vivado 12-13340] Unable to auto find GCC executables from simulator install path! (path not set)
WARNING: [filemgmt 56-199] Attempt to get parsing info during refresh. "On-the-fly" syntax checking information may be incorrect. [C:\Users\jungu\Desktop\AiSys\AiSys_cpu\cpu\Assign 7.srcs\sources_1\new\cpu_io.v:]
WARNING: [filemgmt 56-199] Attempt to get parsing info during refresh. "On-the-fly" syntax checking information may be incorrect. [C:\Users\jungu\Desktop\AiSys\AiSys_cpu\cpu\Assign 7.srcs\sources_1\imports\Lab06_verilog_files\cpu.v:]
WARNING: [filemgmt 56-199] Attempt to get parsing info during refresh. "On-the-fly" syntax checking information may be incorrect. [C:\Users\jungu\Desktop\AiSys\AiSys_cpu\cpu\Assign 7.srcs\sources_1\imports\Lab06_verilog_files\datapath.v:]
WARNING: [filemgmt 56-199] Attempt to get parsing info during refresh. "On-the-fly" syntax checking information may be incorrect. [C:\Users\jungu\Desktop\AiSys\AiSys_cpu\cpu\Assign 7.srcs\sources_1\new\cpu_top.v:]
WARNING: [filemgmt 56-199] Attempt to get parsing info during refresh. "On-the-fly" syntax checking information may be incorrect. [C:\Users\jungu\Desktop\AiSys\AiSys_cpu\cpu\Assign 7.srcs\sources_1\new\cpu_io.v:]
WARNING: [filemgmt 56-199] Attempt to get parsing info during refresh. "On-the-fly" syntax checking information may be incorrect. [C:\Users\jungu\Desktop\AiSys\AiSys_cpu\cpu\Assign 7.srcs\sources_1\imports\Lab06_verilog_files\cpu.v:]
WARNING: [filemgmt 56-199] Attempt to get parsing info during refresh. "On-the-fly" syntax checking information may be incorrect. [C:\Users\jungu\Desktop\AiSys\AiSys_cpu\cpu\Assign 7.srcs\sources_1\imports\Lab06_verilog_files\datapath.v:]
WARNING: [filemgmt 56-199] Attempt to get parsing info during refresh. "On-the-fly" syntax checking information may be incorrect. [C:\Users\jungu\Desktop\AiSys\AiSys_cpu\cpu\Assign 7.srcs\sources_1\new\cpu_top.v:]
INFO: [Vivado 12-5682] Launching behavioral simulation in 'C:/Users/jungu/Desktop/AiSys/AiSys_cpu/cpu/Assign 7.sim/sim_1/behav/xsim'
INFO: [SIM-utils-51] Simulation object is 'sim_1'
INFO: [SIM-utils-72] Using boost library from 'C:/Xilinx/Vivado/2023.2/tps/boost_1_72_0'
INFO: [SIM-utils-54] Inspecting design source files for 'cpu_TB' in fileset 'sim_1'...
INFO: [USF-XSim-97] Finding global include files...
INFO: [USF-XSim-98] Fetching design files from 'sim_1'...
INFO: [USF-XSim-2] XSim::Compile design
INFO: [USF-XSim-61] Executing 'COMPILE and ANALYZE' step in 'C:/Users/jungu/Desktop/AiSys/AiSys_cpu/cpu/Assign 7.sim/sim_1/behav/xsim'
"xvlog --incr --relax -prj cpu_TB_vlog.prj"
ECHO가 설정되어 있지 않습니다.
ECHO가 설정되어 있지 않습니다.
INFO: [VRFC 10-2263] Analyzing Verilog file "C:/Users/jungu/Desktop/AiSys/AiSys_cpu/cpu/Assign 7.srcs/sources_1/new/cache.v" into library xil_defaultlib
INFO: [VRFC 10-311] analyzing module cache
WARNING: [VRFC 10-3248] data object 'data_store' is already declared [C:/Users/jungu/Desktop/AiSys/AiSys_cpu/cpu/Assign 7.srcs/sources_1/new/cache.v:76]
WARNING: [VRFC 10-9364] second declaration of 'data_store' is ignored [C:/Users/jungu/Desktop/AiSys/AiSys_cpu/cpu/Assign 7.srcs/sources_1/new/cache.v:76]
WARNING: [VRFC 10-3248] data object 'addr_store' is already declared [C:/Users/jungu/Desktop/AiSys/AiSys_cpu/cpu/Assign 7.srcs/sources_1/new/cache.v:77]
WARNING: [VRFC 10-9364] second declaration of 'addr_store' is ignored [C:/Users/jungu/Desktop/AiSys/AiSys_cpu/cpu/Assign 7.srcs/sources_1/new/cache.v:77]
INFO: [VRFC 10-2263] Analyzing Verilog file "C:/Users/jungu/Desktop/AiSys/AiSys_cpu/cpu/Assign 7.srcs/sources_1/imports/Lab06_verilog_files/control_unit.v" into library xil_defaultlib
INFO: [VRFC 10-311] analyzing module control_unit
INFO: [VRFC 10-2263] Analyzing Verilog file "C:/Users/jungu/Desktop/AiSys/AiSys_cpu/cpu/Assign 7.srcs/sources_1/imports/Lab06_verilog_files/cpu.v" into library xil_defaultlib
WARNING: [VRFC 10-9157] macro 'WORD_SIZE' is redefined [C:/Users/jungu/Desktop/AiSys/AiSys_cpu/cpu/Assign 7.srcs/sources_1/imports/Lab06_verilog_files/cpu.v:2]
INFO: [VRFC 10-311] analyzing module cpu
INFO: [VRFC 10-2263] Analyzing Verilog file "C:/Users/jungu/Desktop/AiSys/AiSys_cpu/cpu/Assign 7.srcs/sources_1/new/cpu_top.v" into library xil_defaultlib
WARNING: [VRFC 10-9157] macro 'WORD_SIZE' is redefined [C:/Users/jungu/Desktop/AiSys/AiSys_cpu/cpu/Assign 7.srcs/sources_1/new/cpu_top.v:21]
INFO: [VRFC 10-311] analyzing module cpu_top
WARNING: [VRFC 10-9336] redeclaration of ANSI port 'num_inst' is not allowed [C:/Users/jungu/Desktop/AiSys/AiSys_cpu/cpu/Assign 7.srcs/sources_1/new/cpu_top.v:47]
WARNING: [VRFC 10-9336] redeclaration of ANSI port 'output_port' is not allowed [C:/Users/jungu/Desktop/AiSys/AiSys_cpu/cpu/Assign 7.srcs/sources_1/new/cpu_top.v:48]
INFO: [VRFC 10-2263] Analyzing Verilog file "C:/Users/jungu/Desktop/AiSys/AiSys_cpu/cpu/Assign 7.srcs/sources_1/imports/new/datastall_unit.v" into library xil_defaultlib
INFO: [VRFC 10-311] analyzing module datastall_unit
INFO: [VRFC 10-2263] Analyzing Verilog file "C:/Users/jungu/Desktop/AiSys/AiSys_cpu/cpu/Assign 7.srcs/sources_1/imports/Lab06_verilog_files/memory.v" into library xil_defaultlib
WARNING: [VRFC 10-9157] macro 'WORD_SIZE' is redefined [C:/Users/jungu/Desktop/AiSys/AiSys_cpu/cpu/Assign 7.srcs/sources_1/imports/Lab06_verilog_files/memory.v:4]
INFO: [VRFC 10-311] analyzing module Memory
INFO: [VRFC 10-2263] Analyzing Verilog file "C:/Users/jungu/Desktop/AiSys/AiSys_cpu/cpu/Assign 7.srcs/sim_1/imports/Lab06_verilog_files/cpu_TB.v" into library xil_defaultlib
WARNING: [VRFC 10-9157] macro 'WORD_SIZE' is redefined [C:/Users/jungu/Desktop/AiSys/AiSys_cpu/cpu/Assign 7.srcs/sim_1/imports/Lab06_verilog_files/cpu_TB.v:3]
INFO: [VRFC 10-311] analyzing module cpu_TB
INFO: [USF-XSim-69] 'compile' step finished in '2' seconds
INFO: [USF-XSim-3] XSim::Elaborate design
INFO: [USF-XSim-61] Executing 'ELABORATE' step in 'C:/Users/jungu/Desktop/AiSys/AiSys_cpu/cpu/Assign 7.sim/sim_1/behav/xsim'
"xelab --incr --debug typical --relax --mt 2 -L xil_defaultlib -L unisims_ver -L unimacro_ver -L secureip --snapshot cpu_TB_behav xil_defaultlib.cpu_TB xil_defaultlib.glbl -log elaborate.log"
ECHO가 설정되어 있지 않습니다.
ECHO가 설정되어 있지 않습니다.
Vivado Simulator v2023.2
Copyright 1986-2022 Xilinx, Inc. All Rights Reserved.
Copyright 2022-2023 Advanced Micro Devices, Inc. All Rights Reserved.
Running: C:/Xilinx/Vivado/2023.2/bin/unwrapped/win64.o/xelab.exe --incr --debug typical --relax --mt 2 -L xil_defaultlib -L unisims_ver -L unimacro_ver -L secureip --snapshot cpu_TB_behav xil_defaultlib.cpu_TB xil_defaultlib.glbl -log elaborate.log 
Using 2 slave threads.
Starting static elaboration
Pass Through NonSizing Optimizer
ERROR: [VRFC 10-3180] cannot find port 'output_valid' on this module [C:/Users/jungu/Desktop/AiSys/AiSys_cpu/cpu/Assign 7.srcs/sources_1/imports/Lab06_verilog_files/cpu.v:97]
ERROR: [XSIM 43-3322] Static elaboration of top level Verilog design unit(s) in library work failed.
INFO: [USF-XSim-69] 'elaborate' step finished in '1' seconds
INFO: [USF-XSim-99] Step results log file:'C:/Users/jungu/Desktop/AiSys/AiSys_cpu/cpu/Assign 7.sim/sim_1/behav/xsim/elaborate.log'
ERROR: [USF-XSim-62] 'elaborate' step failed with error(s). Please check the Tcl console output or 'C:/Users/jungu/Desktop/AiSys/AiSys_cpu/cpu/Assign 7.sim/sim_1/behav/xsim/elaborate.log' file for more information.
ERROR: [Vivado 12-4473] Detected error while running simulation. Please correct the issue and retry this operation.
launch_simulation: Time (s): cpu = 00:00:01 ; elapsed = 00:00:06 . Memory (MB): peak = 1661.840 ; gain = 0.000
ERROR: [Common 17-39] 'launch_simulation' failed due to earlier errors.
update_compile_order -fileset sources_1
WARNING: [filemgmt 56-199] Attempt to get parsing info during refresh. "On-the-fly" syntax checking information may be incorrect. [C:\Users\jungu\Desktop\AiSys\AiSys_cpu\cpu\Assign 7.srcs\sources_1\new\cpu_io.v:]
WARNING: [filemgmt 56-199] Attempt to get parsing info during refresh. "On-the-fly" syntax checking information may be incorrect. [C:\Users\jungu\Desktop\AiSys\AiSys_cpu\cpu\Assign 7.srcs\sources_1\imports\Lab06_verilog_files\cpu.v:]
WARNING: [filemgmt 56-199] Attempt to get parsing info during refresh. "On-the-fly" syntax checking information may be incorrect. [C:\Users\jungu\Desktop\AiSys\AiSys_cpu\cpu\Assign 7.srcs\sources_1\imports\Lab06_verilog_files\datapath.v:]
WARNING: [filemgmt 56-199] Attempt to get parsing info during refresh. "On-the-fly" syntax checking information may be incorrect. [C:\Users\jungu\Desktop\AiSys\AiSys_cpu\cpu\Assign 7.srcs\sources_1\new\cpu_top.v:]
WARNING: [filemgmt 56-199] Attempt to get parsing info during refresh. "On-the-fly" syntax checking information may be incorrect. [C:\Users\jungu\Desktop\AiSys\AiSys_cpu\cpu\Assign 7.srcs\sources_1\new\cpu_io.v:]
WARNING: [filemgmt 56-199] Attempt to get parsing info during refresh. "On-the-fly" syntax checking information may be incorrect. [C:\Users\jungu\Desktop\AiSys\AiSys_cpu\cpu\Assign 7.srcs\sources_1\imports\Lab06_verilog_files\cpu.v:]
WARNING: [filemgmt 56-199] Attempt to get parsing info during refresh. "On-the-fly" syntax checking information may be incorrect. [C:\Users\jungu\Desktop\AiSys\AiSys_cpu\cpu\Assign 7.srcs\sources_1\imports\Lab06_verilog_files\datapath.v:]
WARNING: [filemgmt 56-199] Attempt to get parsing info during refresh. "On-the-fly" syntax checking information may be incorrect. [C:\Users\jungu\Desktop\AiSys\AiSys_cpu\cpu\Assign 7.srcs\sources_1\new\cpu_top.v:]
ERROR: [Common 17-180] Spawn failed: No error
WARNING: [filemgmt 56-199] Attempt to get parsing info during refresh. "On-the-fly" syntax checking information may be incorrect. [C:\Users\jungu\Desktop\AiSys\AiSys_cpu\cpu\Assign 7.srcs\sources_1\new\cpu_io.v:]
WARNING: [filemgmt 56-199] Attempt to get parsing info during refresh. "On-the-fly" syntax checking information may be incorrect. [C:\Users\jungu\Desktop\AiSys\AiSys_cpu\cpu\Assign 7.srcs\sources_1\imports\Lab06_verilog_files\cpu.v:]
WARNING: [filemgmt 56-199] Attempt to get parsing info during refresh. "On-the-fly" syntax checking information may be incorrect. [C:\Users\jungu\Desktop\AiSys\AiSys_cpu\cpu\Assign 7.srcs\sources_1\imports\Lab06_verilog_files\datapath.v:]
WARNING: [filemgmt 56-199] Attempt to get parsing info during refresh. "On-the-fly" syntax checking information may be incorrect. [C:\Users\jungu\Desktop\AiSys\AiSys_cpu\cpu\Assign 7.srcs\sources_1\new\cpu_top.v:]
ERROR: [Common 17-180] Spawn failed: No error
launch_simulation
Command: launch_simulation 
INFO: [Vivado 12-12493] Simulation top is 'cpu_TB'
WARNING: [Vivado 12-13340] Unable to auto find GCC executables from simulator install path! (path not set)
INFO: [Vivado 12-5682] Launching behavioral simulation in 'C:/Users/jungu/Desktop/AiSys/AiSys_cpu/cpu/Assign 7.sim/sim_1/behav/xsim'
INFO: [SIM-utils-51] Simulation object is 'sim_1'
INFO: [SIM-utils-72] Using boost library from 'C:/Xilinx/Vivado/2023.2/tps/boost_1_72_0'
INFO: [SIM-utils-54] Inspecting design source files for 'cpu_TB' in fileset 'sim_1'...
INFO: [USF-XSim-97] Finding global include files...
INFO: [USF-XSim-98] Fetching design files from 'sim_1'...
INFO: [USF-XSim-2] XSim::Compile design
INFO: [USF-XSim-61] Executing 'COMPILE and ANALYZE' step in 'C:/Users/jungu/Desktop/AiSys/AiSys_cpu/cpu/Assign 7.sim/sim_1/behav/xsim'
"xvlog --incr --relax -prj cpu_TB_vlog.prj"
ECHO가 설정되어 있지 않습니다.
ECHO가 설정되어 있지 않습니다.
INFO: [VRFC 10-2263] Analyzing Verilog file "C:/Users/jungu/Desktop/AiSys/AiSys_cpu/cpu/Assign 7.srcs/sources_1/new/cache.v" into library xil_defaultlib
INFO: [VRFC 10-311] analyzing module cache
WARNING: [VRFC 10-3248] data object 'data_store' is already declared [C:/Users/jungu/Desktop/AiSys/AiSys_cpu/cpu/Assign 7.srcs/sources_1/new/cache.v:76]
WARNING: [VRFC 10-9364] second declaration of 'data_store' is ignored [C:/Users/jungu/Desktop/AiSys/AiSys_cpu/cpu/Assign 7.srcs/sources_1/new/cache.v:76]
WARNING: [VRFC 10-3248] data object 'addr_store' is already declared [C:/Users/jungu/Desktop/AiSys/AiSys_cpu/cpu/Assign 7.srcs/sources_1/new/cache.v:77]
WARNING: [VRFC 10-9364] second declaration of 'addr_store' is ignored [C:/Users/jungu/Desktop/AiSys/AiSys_cpu/cpu/Assign 7.srcs/sources_1/new/cache.v:77]
INFO: [VRFC 10-2263] Analyzing Verilog file "C:/Users/jungu/Desktop/AiSys/AiSys_cpu/cpu/Assign 7.srcs/sources_1/imports/Lab06_verilog_files/control_unit.v" into library xil_defaultlib
INFO: [VRFC 10-311] analyzing module control_unit
INFO: [VRFC 10-2263] Analyzing Verilog file "C:/Users/jungu/Desktop/AiSys/AiSys_cpu/cpu/Assign 7.srcs/sources_1/imports/Lab06_verilog_files/cpu.v" into library xil_defaultlib
WARNING: [VRFC 10-9157] macro 'WORD_SIZE' is redefined [C:/Users/jungu/Desktop/AiSys/AiSys_cpu/cpu/Assign 7.srcs/sources_1/imports/Lab06_verilog_files/cpu.v:2]
INFO: [VRFC 10-311] analyzing module cpu
INFO: [VRFC 10-2263] Analyzing Verilog file "C:/Users/jungu/Desktop/AiSys/AiSys_cpu/cpu/Assign 7.srcs/sources_1/new/cpu_top.v" into library xil_defaultlib
WARNING: [VRFC 10-9157] macro 'WORD_SIZE' is redefined [C:/Users/jungu/Desktop/AiSys/AiSys_cpu/cpu/Assign 7.srcs/sources_1/new/cpu_top.v:21]
INFO: [VRFC 10-311] analyzing module cpu_top
WARNING: [VRFC 10-9336] redeclaration of ANSI port 'num_inst' is not allowed [C:/Users/jungu/Desktop/AiSys/AiSys_cpu/cpu/Assign 7.srcs/sources_1/new/cpu_top.v:47]
WARNING: [VRFC 10-9336] redeclaration of ANSI port 'output_port' is not allowed [C:/Users/jungu/Desktop/AiSys/AiSys_cpu/cpu/Assign 7.srcs/sources_1/new/cpu_top.v:48]
INFO: [VRFC 10-2263] Analyzing Verilog file "C:/Users/jungu/Desktop/AiSys/AiSys_cpu/cpu/Assign 7.srcs/sources_1/imports/new/datastall_unit.v" into library xil_defaultlib
INFO: [VRFC 10-311] analyzing module datastall_unit
INFO: [VRFC 10-2263] Analyzing Verilog file "C:/Users/jungu/Desktop/AiSys/AiSys_cpu/cpu/Assign 7.srcs/sources_1/imports/Lab06_verilog_files/memory.v" into library xil_defaultlib
WARNING: [VRFC 10-9157] macro 'WORD_SIZE' is redefined [C:/Users/jungu/Desktop/AiSys/AiSys_cpu/cpu/Assign 7.srcs/sources_1/imports/Lab06_verilog_files/memory.v:4]
INFO: [VRFC 10-311] analyzing module Memory
INFO: [VRFC 10-2263] Analyzing Verilog file "C:/Users/jungu/Desktop/AiSys/AiSys_cpu/cpu/Assign 7.srcs/sim_1/imports/Lab06_verilog_files/cpu_TB.v" into library xil_defaultlib
WARNING: [VRFC 10-9157] macro 'WORD_SIZE' is redefined [C:/Users/jungu/Desktop/AiSys/AiSys_cpu/cpu/Assign 7.srcs/sim_1/imports/Lab06_verilog_files/cpu_TB.v:3]
INFO: [VRFC 10-311] analyzing module cpu_TB
INFO: [USF-XSim-69] 'compile' step finished in '1' seconds
INFO: [USF-XSim-3] XSim::Elaborate design
INFO: [USF-XSim-61] Executing 'ELABORATE' step in 'C:/Users/jungu/Desktop/AiSys/AiSys_cpu/cpu/Assign 7.sim/sim_1/behav/xsim'
"xelab --incr --debug typical --relax --mt 2 -L xil_defaultlib -L unisims_ver -L unimacro_ver -L secureip --snapshot cpu_TB_behav xil_defaultlib.cpu_TB xil_defaultlib.glbl -log elaborate.log"
ECHO가 설정되어 있지 않습니다.
ECHO가 설정되어 있지 않습니다.
Vivado Simulator v2023.2
Copyright 1986-2022 Xilinx, Inc. All Rights Reserved.
Copyright 2022-2023 Advanced Micro Devices, Inc. All Rights Reserved.
Running: C:/Xilinx/Vivado/2023.2/bin/unwrapped/win64.o/xelab.exe --incr --debug typical --relax --mt 2 -L xil_defaultlib -L unisims_ver -L unimacro_ver -L secureip --snapshot cpu_TB_behav xil_defaultlib.cpu_TB xil_defaultlib.glbl -log elaborate.log 
Using 2 slave threads.
Starting static elaboration
Pass Through NonSizing Optimizer
ERROR: [VRFC 10-3180] cannot find port 'output_valid' on this module [C:/Users/jungu/Desktop/AiSys/AiSys_cpu/cpu/Assign 7.srcs/sources_1/imports/Lab06_verilog_files/cpu.v:97]
ERROR: [XSIM 43-3322] Static elaboration of top level Verilog design unit(s) in library work failed.
INFO: [USF-XSim-69] 'elaborate' step finished in '1' seconds
INFO: [USF-XSim-99] Step results log file:'C:/Users/jungu/Desktop/AiSys/AiSys_cpu/cpu/Assign 7.sim/sim_1/behav/xsim/elaborate.log'
ERROR: [USF-XSim-62] 'elaborate' step failed with error(s). Please check the Tcl console output or 'C:/Users/jungu/Desktop/AiSys/AiSys_cpu/cpu/Assign 7.sim/sim_1/behav/xsim/elaborate.log' file for more information.
ERROR: [Vivado 12-4473] Detected error while running simulation. Please correct the issue and retry this operation.
ERROR: [Common 17-39] 'launch_simulation' failed due to earlier errors.
launch_simulation
Command: launch_simulation 
INFO: [Vivado 12-12493] Simulation top is 'cpu_TB'
WARNING: [Vivado 12-13340] Unable to auto find GCC executables from simulator install path! (path not set)
WARNING: [filemgmt 56-199] Attempt to get parsing info during refresh. "On-the-fly" syntax checking information may be incorrect. [C:\Users\jungu\Desktop\AiSys\AiSys_cpu\cpu\Assign 7.srcs\sources_1\new\cpu_io.v:]
WARNING: [filemgmt 56-199] Attempt to get parsing info during refresh. "On-the-fly" syntax checking information may be incorrect. [C:\Users\jungu\Desktop\AiSys\AiSys_cpu\cpu\Assign 7.srcs\sources_1\imports\Lab06_verilog_files\cpu.v:]
WARNING: [filemgmt 56-199] Attempt to get parsing info during refresh. "On-the-fly" syntax checking information may be incorrect. [C:\Users\jungu\Desktop\AiSys\AiSys_cpu\cpu\Assign 7.srcs\sources_1\imports\Lab06_verilog_files\datapath.v:]
WARNING: [filemgmt 56-199] Attempt to get parsing info during refresh. "On-the-fly" syntax checking information may be incorrect. [C:\Users\jungu\Desktop\AiSys\AiSys_cpu\cpu\Assign 7.srcs\sources_1\new\cpu_top.v:]
WARNING: [filemgmt 56-199] Attempt to get parsing info during refresh. "On-the-fly" syntax checking information may be incorrect. [C:\Users\jungu\Desktop\AiSys\AiSys_cpu\cpu\Assign 7.srcs\sources_1\new\cpu_io.v:]
WARNING: [filemgmt 56-199] Attempt to get parsing info during refresh. "On-the-fly" syntax checking information may be incorrect. [C:\Users\jungu\Desktop\AiSys\AiSys_cpu\cpu\Assign 7.srcs\sources_1\imports\Lab06_verilog_files\cpu.v:]
WARNING: [filemgmt 56-199] Attempt to get parsing info during refresh. "On-the-fly" syntax checking information may be incorrect. [C:\Users\jungu\Desktop\AiSys\AiSys_cpu\cpu\Assign 7.srcs\sources_1\imports\Lab06_verilog_files\datapath.v:]
WARNING: [filemgmt 56-199] Attempt to get parsing info during refresh. "On-the-fly" syntax checking information may be incorrect. [C:\Users\jungu\Desktop\AiSys\AiSys_cpu\cpu\Assign 7.srcs\sources_1\new\cpu_top.v:]
INFO: [Vivado 12-5682] Launching behavioral simulation in 'C:/Users/jungu/Desktop/AiSys/AiSys_cpu/cpu/Assign 7.sim/sim_1/behav/xsim'
INFO: [SIM-utils-51] Simulation object is 'sim_1'
INFO: [SIM-utils-72] Using boost library from 'C:/Xilinx/Vivado/2023.2/tps/boost_1_72_0'
INFO: [SIM-utils-54] Inspecting design source files for 'cpu_TB' in fileset 'sim_1'...
INFO: [USF-XSim-97] Finding global include files...
INFO: [USF-XSim-98] Fetching design files from 'sim_1'...
INFO: [USF-XSim-2] XSim::Compile design
INFO: [USF-XSim-61] Executing 'COMPILE and ANALYZE' step in 'C:/Users/jungu/Desktop/AiSys/AiSys_cpu/cpu/Assign 7.sim/sim_1/behav/xsim'
"xvlog --incr --relax -prj cpu_TB_vlog.prj"
ECHO가 설정되어 있지 않습니다.
ECHO가 설정되어 있지 않습니다.
INFO: [VRFC 10-2263] Analyzing Verilog file "C:/Users/jungu/Desktop/AiSys/AiSys_cpu/cpu/Assign 7.srcs/sources_1/new/cache.v" into library xil_defaultlib
INFO: [VRFC 10-311] analyzing module cache
WARNING: [VRFC 10-3248] data object 'data_store' is already declared [C:/Users/jungu/Desktop/AiSys/AiSys_cpu/cpu/Assign 7.srcs/sources_1/new/cache.v:76]
WARNING: [VRFC 10-9364] second declaration of 'data_store' is ignored [C:/Users/jungu/Desktop/AiSys/AiSys_cpu/cpu/Assign 7.srcs/sources_1/new/cache.v:76]
WARNING: [VRFC 10-3248] data object 'addr_store' is already declared [C:/Users/jungu/Desktop/AiSys/AiSys_cpu/cpu/Assign 7.srcs/sources_1/new/cache.v:77]
WARNING: [VRFC 10-9364] second declaration of 'addr_store' is ignored [C:/Users/jungu/Desktop/AiSys/AiSys_cpu/cpu/Assign 7.srcs/sources_1/new/cache.v:77]
INFO: [VRFC 10-2263] Analyzing Verilog file "C:/Users/jungu/Desktop/AiSys/AiSys_cpu/cpu/Assign 7.srcs/sources_1/imports/Lab06_verilog_files/control_unit.v" into library xil_defaultlib
INFO: [VRFC 10-311] analyzing module control_unit
INFO: [VRFC 10-2263] Analyzing Verilog file "C:/Users/jungu/Desktop/AiSys/AiSys_cpu/cpu/Assign 7.srcs/sources_1/imports/Lab06_verilog_files/cpu.v" into library xil_defaultlib
WARNING: [VRFC 10-9157] macro 'WORD_SIZE' is redefined [C:/Users/jungu/Desktop/AiSys/AiSys_cpu/cpu/Assign 7.srcs/sources_1/imports/Lab06_verilog_files/cpu.v:2]
INFO: [VRFC 10-311] analyzing module cpu
INFO: [VRFC 10-2263] Analyzing Verilog file "C:/Users/jungu/Desktop/AiSys/AiSys_cpu/cpu/Assign 7.srcs/sources_1/new/cpu_top.v" into library xil_defaultlib
WARNING: [VRFC 10-9157] macro 'WORD_SIZE' is redefined [C:/Users/jungu/Desktop/AiSys/AiSys_cpu/cpu/Assign 7.srcs/sources_1/new/cpu_top.v:21]
INFO: [VRFC 10-311] analyzing module cpu_top
WARNING: [VRFC 10-9336] redeclaration of ANSI port 'num_inst' is not allowed [C:/Users/jungu/Desktop/AiSys/AiSys_cpu/cpu/Assign 7.srcs/sources_1/new/cpu_top.v:48]
WARNING: [VRFC 10-9336] redeclaration of ANSI port 'output_port' is not allowed [C:/Users/jungu/Desktop/AiSys/AiSys_cpu/cpu/Assign 7.srcs/sources_1/new/cpu_top.v:49]
INFO: [VRFC 10-2263] Analyzing Verilog file "C:/Users/jungu/Desktop/AiSys/AiSys_cpu/cpu/Assign 7.srcs/sources_1/imports/new/datastall_unit.v" into library xil_defaultlib
INFO: [VRFC 10-311] analyzing module datastall_unit
INFO: [VRFC 10-2263] Analyzing Verilog file "C:/Users/jungu/Desktop/AiSys/AiSys_cpu/cpu/Assign 7.srcs/sources_1/imports/Lab06_verilog_files/memory.v" into library xil_defaultlib
WARNING: [VRFC 10-9157] macro 'WORD_SIZE' is redefined [C:/Users/jungu/Desktop/AiSys/AiSys_cpu/cpu/Assign 7.srcs/sources_1/imports/Lab06_verilog_files/memory.v:4]
INFO: [VRFC 10-311] analyzing module Memory
INFO: [VRFC 10-2263] Analyzing Verilog file "C:/Users/jungu/Desktop/AiSys/AiSys_cpu/cpu/Assign 7.srcs/sim_1/imports/Lab06_verilog_files/cpu_TB.v" into library xil_defaultlib
WARNING: [VRFC 10-9157] macro 'WORD_SIZE' is redefined [C:/Users/jungu/Desktop/AiSys/AiSys_cpu/cpu/Assign 7.srcs/sim_1/imports/Lab06_verilog_files/cpu_TB.v:3]
INFO: [VRFC 10-311] analyzing module cpu_TB
INFO: [USF-XSim-69] 'compile' step finished in '2' seconds
INFO: [USF-XSim-3] XSim::Elaborate design
INFO: [USF-XSim-61] Executing 'ELABORATE' step in 'C:/Users/jungu/Desktop/AiSys/AiSys_cpu/cpu/Assign 7.sim/sim_1/behav/xsim'
"xelab --incr --debug typical --relax --mt 2 -L xil_defaultlib -L unisims_ver -L unimacro_ver -L secureip --snapshot cpu_TB_behav xil_defaultlib.cpu_TB xil_defaultlib.glbl -log elaborate.log"
ECHO가 설정되어 있지 않습니다.
ECHO가 설정되어 있지 않습니다.
Vivado Simulator v2023.2
Copyright 1986-2022 Xilinx, Inc. All Rights Reserved.
Copyright 2022-2023 Advanced Micro Devices, Inc. All Rights Reserved.
Running: C:/Xilinx/Vivado/2023.2/bin/unwrapped/win64.o/xelab.exe --incr --debug typical --relax --mt 2 -L xil_defaultlib -L unisims_ver -L unimacro_ver -L secureip --snapshot cpu_TB_behav xil_defaultlib.cpu_TB xil_defaultlib.glbl -log elaborate.log 
Using 2 slave threads.
Starting static elaboration
Pass Through NonSizing Optimizer
ERROR: [VRFC 10-3180] cannot find port 'output_valid' on this module [C:/Users/jungu/Desktop/AiSys/AiSys_cpu/cpu/Assign 7.srcs/sources_1/imports/Lab06_verilog_files/cpu.v:97]
ERROR: [XSIM 43-3322] Static elaboration of top level Verilog design unit(s) in library work failed.
INFO: [USF-XSim-69] 'elaborate' step finished in '1' seconds
INFO: [USF-XSim-99] Step results log file:'C:/Users/jungu/Desktop/AiSys/AiSys_cpu/cpu/Assign 7.sim/sim_1/behav/xsim/elaborate.log'
ERROR: [USF-XSim-62] 'elaborate' step failed with error(s). Please check the Tcl console output or 'C:/Users/jungu/Desktop/AiSys/AiSys_cpu/cpu/Assign 7.sim/sim_1/behav/xsim/elaborate.log' file for more information.
ERROR: [Vivado 12-4473] Detected error while running simulation. Please correct the issue and retry this operation.
launch_simulation: Time (s): cpu = 00:00:01 ; elapsed = 00:00:06 . Memory (MB): peak = 1661.840 ; gain = 0.000
ERROR: [Common 17-39] 'launch_simulation' failed due to earlier errors.
WARNING: [filemgmt 56-199] Attempt to get parsing info during refresh. "On-the-fly" syntax checking information may be incorrect. [C:\Users\jungu\Desktop\AiSys\AiSys_cpu\cpu\Assign 7.srcs\sources_1\new\cpu_io.v:]
WARNING: [filemgmt 56-199] Attempt to get parsing info during refresh. "On-the-fly" syntax checking information may be incorrect. [C:\Users\jungu\Desktop\AiSys\AiSys_cpu\cpu\Assign 7.srcs\sources_1\imports\Lab06_verilog_files\cpu.v:]
WARNING: [filemgmt 56-199] Attempt to get parsing info during refresh. "On-the-fly" syntax checking information may be incorrect. [C:\Users\jungu\Desktop\AiSys\AiSys_cpu\cpu\Assign 7.srcs\sources_1\imports\Lab06_verilog_files\datapath.v:]
WARNING: [filemgmt 56-199] Attempt to get parsing info during refresh. "On-the-fly" syntax checking information may be incorrect. [C:\Users\jungu\Desktop\AiSys\AiSys_cpu\cpu\Assign 7.srcs\sources_1\new\cpu_top.v:]
WARNING: [filemgmt 56-199] Attempt to get parsing info during refresh. "On-the-fly" syntax checking information may be incorrect. [C:\Users\jungu\Desktop\AiSys\AiSys_cpu\cpu\Assign 7.srcs\sim_1\imports\Lab06_verilog_files\cpu_TB.v:]
WARNING: [filemgmt 56-199] Attempt to get parsing info during refresh. "On-the-fly" syntax checking information may be incorrect. [C:\Users\jungu\Desktop\AiSys\AiSys_cpu\cpu\Assign 7.srcs\sources_1\new\cpu_io.v:]
WARNING: [filemgmt 56-199] Attempt to get parsing info during refresh. "On-the-fly" syntax checking information may be incorrect. [C:\Users\jungu\Desktop\AiSys\AiSys_cpu\cpu\Assign 7.srcs\sources_1\imports\Lab06_verilog_files\cpu.v:]
WARNING: [filemgmt 56-199] Attempt to get parsing info during refresh. "On-the-fly" syntax checking information may be incorrect. [C:\Users\jungu\Desktop\AiSys\AiSys_cpu\cpu\Assign 7.srcs\sources_1\imports\Lab06_verilog_files\datapath.v:]
WARNING: [filemgmt 56-199] Attempt to get parsing info during refresh. "On-the-fly" syntax checking information may be incorrect. [C:\Users\jungu\Desktop\AiSys\AiSys_cpu\cpu\Assign 7.srcs\sources_1\new\cpu_top.v:]
WARNING: [filemgmt 56-199] Attempt to get parsing info during refresh. "On-the-fly" syntax checking information may be incorrect. [C:\Users\jungu\Desktop\AiSys\AiSys_cpu\cpu\Assign 7.srcs\sim_1\imports\Lab06_verilog_files\cpu_TB.v:]
